<?xml version="1.0" encoding="UTF-8"?>
<!-- Generated by org.testng.reporters.JUnitReportReporter -->
<testsuite hostname="Anurag-PC" failures="0" tests="1" name="com.edureka.keyworddriven.tests.MobileTest" time="40.173" errors="0" timestamp="2020-05-11T15:20:28 IST" skipped="0">
  <testcase classname="com.edureka.keyworddriven.tests.MobileTest" name="loginTest" time="40.173"/>
  <system-out/>
</testsuite> <!-- com.edureka.keyworddriven.tests.MobileTest -->
